<?xml version="1.0" encoding="utf-8" standalone="no"?>
<test-results xmlns:xsi="http://www.w3.org/2001/XMLSchema-instance" xsi:noNamespaceSchemaLocation="nunit_schema_2.5.xsd" name="Pester" total="20" errors="0" failures="0" not-run="0" inconclusive="0" ignored="0" skipped="0" invalid="0" date="2026-04-15" time="11:11:03">
  <environment cwd="/mnt/g/Development/20_Staging/GenesysCloud/Genesys.Core" machine-name="TheShire" user-domain="" clr-version="10.0.5" platform="Linux" os-version="5.15.146.1-microsoft-standard-WSL2" nunit-version="2.5.8.0" user="xfaith" />
  <culture-info current-culture="" current-uiculture="" />
  <test-suite type="TestFixture" name="Pester" executed="True" result="Success" success="True" time="1.4923" asserts="0" description="Pester">
    <results>
      <test-suite type="TestFixture" name="/mnt/g/Development/20_Staging/GenesysCloud/Genesys.Core/tests/unit/ConversationAnalysis.Compliance.Tests.ps1" executed="True" result="Success" success="True" time="1.0423" asserts="0" description="/mnt/g/Development/20_Staging/GenesysCloud/Genesys.Core/tests/unit/ConversationAnalysis.Compliance.Tests.ps1">
        <results>
          <test-suite type="TestFixture" name="ConversationAnalysis — Gate D Compliance" executed="True" result="Success" success="True" time="0.5666" asserts="0" description="ConversationAnalysis — Gate D Compliance">
            <results>
              <test-case description="GATE B.1: app code must not call Invoke-RestMethod" name="ConversationAnalysis — Gate D Compliance.GATE B.1: app code must not call Invoke-RestMethod" time="0.1213" asserts="0" success="True" result="Success" executed="True" />
              <test-case description="GATE B.2: app code must not call Invoke-WebRequest" name="ConversationAnalysis — Gate D Compliance.GATE B.2: app code must not call Invoke-WebRequest" time="0.0141" asserts="0" success="True" result="Success" executed="True" />
              <test-case description="GATE B.3: app code must not contain literal /api/v2/ paths" name="ConversationAnalysis — Gate D Compliance.GATE B.3: app code must not contain literal /api/v2/ paths" time="0.0119" asserts="0" success="True" result="Success" executed="True" />
              <test-case description="GATE B.4: app code must not call fetch() against Genesys API hosts" name="ConversationAnalysis — Gate D Compliance.GATE B.4: app code must not call fetch() against Genesys API hosts" time="0.0092" asserts="0" success="True" result="Success" executed="True" />
              <test-case description="GATE C.1: Genesys.Core module must not be copied into the app folder" name="ConversationAnalysis — Gate D Compliance.GATE C.1: Genesys.Core module must not be copied into the app folder" time="0.0563" asserts="0" success="True" result="Success" executed="True" />
              <test-case description="GATE C.2: Genesys.Core.psm1 must not be present in the app folder" name="ConversationAnalysis — Gate D Compliance.GATE C.2: Genesys.Core.psm1 must not be present in the app folder" time="0.0479" asserts="0" success="True" result="Success" executed="True" />
              <test-case description="GATE D.1: apps/ConversationAnalysis/index.html must exist" name="ConversationAnalysis — Gate D Compliance.GATE D.1: apps/ConversationAnalysis/index.html must exist" time="0.0167" asserts="0" success="True" result="Success" executed="True" />
              <test-case description="GATE D.2: index.html must not bundle chart libraries locally" name="ConversationAnalysis — Gate D Compliance.GATE D.2: index.html must not bundle chart libraries locally" time="0.0245" asserts="0" success="True" result="Success" executed="True" />
              <test-case description="GATE D.3: index.html must use FileReader API for data loading" name="ConversationAnalysis — Gate D Compliance.GATE D.3: index.html must use FileReader API for data loading" time="0.0371" asserts="0" success="True" result="Success" executed="True" />
              <test-case description="GATE D.4: app folder must not contain node_modules" name="ConversationAnalysis — Gate D Compliance.GATE D.4: app folder must not contain node_modules" time="0.0193" asserts="0" success="True" result="Success" executed="True" />
              <test-case description="GATE D.5: app code must not contain hardcoded bearer tokens" name="ConversationAnalysis — Gate D Compliance.GATE D.5: app code must not contain hardcoded bearer tokens" time="0.0086" asserts="0" success="True" result="Success" executed="True" />
              <test-case description="GATE D.6: app code must not contain hardcoded client_secret values" name="ConversationAnalysis — Gate D Compliance.GATE D.6: app code must not contain hardcoded client_secret values" time="0.0081" asserts="0" success="True" result="Success" executed="True" />
              <test-case description="GATE D.7: apps/ConversationAnalysis/README.md must exist" name="ConversationAnalysis — Gate D Compliance.GATE D.7: apps/ConversationAnalysis/README.md must exist" time="0.0108" asserts="0" success="True" result="Success" executed="True" />
              <test-case description="GATE D.8: index.html must reference Invoke-Dataset in its content (Core-first traceability)" name="ConversationAnalysis — Gate D Compliance.GATE D.8: index.html must reference Invoke-Dataset in its content (Core-first traceability)" time="0.0409" asserts="0" success="True" result="Success" executed="True" />
            </results>
          </test-suite>
        </results>
      </test-suite>
      <test-suite type="TestFixture" name="/mnt/g/Development/20_Staging/GenesysCloud/Genesys.Core/tests/unit/AuditLogsConsole.Compliance.Tests.ps1" executed="True" result="Success" success="True" time="0.4499" asserts="0" description="/mnt/g/Development/20_Staging/GenesysCloud/Genesys.Core/tests/unit/AuditLogsConsole.Compliance.Tests.ps1">
        <results>
          <test-suite type="TestFixture" name="AuditLogsConsole — Core-First Compliance" executed="True" result="Success" success="True" time="0.4141" asserts="0" description="AuditLogsConsole — Core-First Compliance">
            <results>
              <test-case description="contains no Invoke-RestMethod usage in the app" name="AuditLogsConsole — Core-First Compliance.contains no Invoke-RestMethod usage in the app" time="0.0087" asserts="0" success="True" result="Success" executed="True" />
              <test-case description="contains no Invoke-WebRequest usage in the app" name="AuditLogsConsole — Core-First Compliance.contains no Invoke-WebRequest usage in the app" time="0.0059" asserts="0" success="True" result="Success" executed="True" />
              <test-case description="contains no /api/v2/ literal in the app" name="AuditLogsConsole — Core-First Compliance.contains no /api/v2/ literal in the app" time="0.0063" asserts="0" success="True" result="Success" executed="True" />
              <test-case description="does not copy Genesys.Core into the app folder" name="AuditLogsConsole — Core-First Compliance.does not copy Genesys.Core into the app folder" time="0.0975" asserts="0" success="True" result="Success" executed="True" />
              <test-case description="keeps Invoke-Dataset usage inside App.CoreAdapter only" name="AuditLogsConsole — Core-First Compliance.keeps Invoke-Dataset usage inside App.CoreAdapter only" time="0.035" asserts="0" success="True" result="Success" executed="True" />
              <test-case description="keeps Assert-Catalog usage inside App.CoreAdapter or App.ps1 startup narrative only" name="AuditLogsConsole — Core-First Compliance.keeps Assert-Catalog usage inside App.CoreAdapter or App.ps1 startup narrative only" time="0.0062" asserts="0" success="True" result="Success" executed="True" />
            </results>
          </test-suite>
        </results>
      </test-suite>
    </results>
  </test-suite>
</test-results>